#
# There is insufficient memory for the Java Runtime Environment to continue.
# Native memory allocation (malloc) failed to allocate 1852016 bytes for Chunk::new
# Possible reasons:
#   The system is out of physical RAM or swap space
#   The process is running with CompressedOops enabled, and the Java Heap may be blocking the growth of the native heap
# Possible solutions:
#   Reduce memory load on the system
#   Increase physical memory or swap space
#   Check if swap backing store is full
#   Decrease Java heap size (-Xmx/-Xms)
#   Decrease number of Java threads
#   Decrease Java thread stack sizes (-Xss)
#   Set larger code cache with -XX:ReservedCodeCacheSize=
#   JVM is running with Unscaled Compressed Oops mode in which the Java heap is
#     placed in the first 4GB address space. The Java Heap base address is the
#     maximum limit for the native heap growth. Please use -XX:HeapBaseMinAddress
#     to set the Java Heap base and to place the Java Heap above 4GB virtual address.
# This output file may be truncated or incomplete.
#
#  Out of Memory Error (arena.cpp:189), pid=3240, tid=1012
#
# JRE version: OpenJDK Runtime Environment (17.0.7) (build 17.0.7+0-b2043.56-10550314)
# Java VM: OpenJDK 64-Bit Server VM (17.0.7+0-b2043.56-10550314, mixed mode, tiered, compressed oops, compressed class ptrs, g1 gc, windows-amd64)
# No core dump will be written. Minidumps are not enabled by default on client versions of Windows
#

---------------  S U M M A R Y ------------

Command Line: --add-opens=java.base/java.util.concurrent.atomic=ALL-UNNAMED --add-opens=java.base/java.util=ALL-UNNAMED --add-opens=java.base/java.lang=ALL-UNNAMED --add-opens=java.base/java.lang.invoke=ALL-UNNAMED --add-opens=java.prefs/java.util.prefs=ALL-UNNAMED --add-opens=java.base/java.nio.charset=ALL-UNNAMED --add-opens=java.base/java.net=ALL-UNNAMED --add-opens=java.base/java.util.concurrent.atomic=ALL-UNNAMED -Xmx2048m -Dfile.encoding=UTF-8 -Duser.country=US -Duser.language=en -Duser.variant -javaagent:C:\Users\ASUS\.gradle\wrapper\dists\gradle-8.2-bin\bbg7u40eoinfdyxsxr3z4i7ta\gradle-8.2\lib\agents\gradle-instrumentation-agent-8.2.jar org.gradle.launcher.daemon.bootstrap.GradleDaemon 8.2

Host: AMD Ryzen 7 3700U with Radeon Vega Mobile Gfx  , 8 cores, 5G,  Windows 11 , 64 bit Build 22621 (10.0.22621.3235)
Time: Sun Mar 17 23:30:51 2024 SE Asia Standard Time elapsed time: 7.168163 seconds (0d 0h 0m 7s)

---------------  T H R E A D  ---------------

Current thread (0x000001c6c3051cb0):  JavaThread "C2 CompilerThread0" daemon [_thread_in_native, id=1012, stack(0x0000008580200000,0x0000008580300000)]


Current CompileTask:
C2:   7168 3783       4       org.objectweb.asm.Frame::execute (2318 bytes)

Stack: [0x0000008580200000,0x0000008580300000]
Native frames: (J=compiled Java code, j=interpreted, Vv=VM code, C=native code)
V  [jvm.dll+0x683bfa]
V  [jvm.dll+0x8430a4]
V  [jvm.dll+0x8449be]
V  [jvm.dll+0x845023]
V  [jvm.dll+0x24ad2f]
V  [jvm.dll+0xac25c]
V  [jvm.dll+0xac82c]
V  [jvm.dll+0x36a132]
V  [jvm.dll+0x334821]
V  [jvm.dll+0x333cca]
V  [jvm.dll+0x21d251]
V  [jvm.dll+0x21c671]
V  [jvm.dll+0x1a605d]
V  [jvm.dll+0x22c148]
V  [jvm.dll+0x22a209]
V  [jvm.dll+0x7f858c]
V  [jvm.dll+0x7f2aea]
V  [jvm.dll+0x682a35]
C  [ucrtbase.dll+0x29363]
C  [KERNEL32.DLL+0x1257d]
C  [ntdll.dll+0x5aa58]


---------------  P R O C E S S  ---------------

Threads class SMR info:
_java_thread_list=0x000001c6c431c0a0, length=41, elements={
0x000001c6a2d8e6d0, 0x000001c6c3033020, 0x000001c6c3033e90, 0x000001c6be8bc920,
0x000001c6be8bd6a0, 0x000001c6be8be3b0, 0x000001c6c3051010, 0x000001c6c3051cb0,
0x000001c6c30546c0, 0x000001c6c30556c0, 0x000001c6be84f8a0, 0x000001c6c3299c30,
0x000001c6c4f02b00, 0x000001c6c4d1e2c0, 0x000001c6c48dc2d0, 0x000001c6c3fa7e70,
0x000001c6c4b9c030, 0x000001c6c48d4630, 0x000001c6c48d4b00, 0x000001c6c48d1140,
0x000001c6c48d4160, 0x000001c6c48d1610, 0x000001c6c48d1ae0, 0x000001c6c48d32f0,
0x000001c6c48d1fb0, 0x000001c6c48d2480, 0x000001c6c48d2950, 0x000001c6c48d2e20,
0x000001c6c48d37c0, 0x000001c6c48d3c90, 0x000001c6c6178820, 0x000001c6c617a500,
0x000001c6c61791c0, 0x000001c6c617e860, 0x000001c6c61774e0, 0x000001c6c617a9d0,
0x000001c6c6179690, 0x000001c6c617aea0, 0x000001c6c617b370, 0x000001c6c617b840,
0x000001c6c617bd10
}

Java Threads: ( => current thread )
  0x000001c6a2d8e6d0 JavaThread "main" [_thread_blocked, id=9620, stack(0x00000085ff500000,0x00000085ff600000)]
  0x000001c6c3033020 JavaThread "Reference Handler" daemon [_thread_blocked, id=5864, stack(0x00000085ffc00000,0x00000085ffd00000)]
  0x000001c6c3033e90 JavaThread "Finalizer" daemon [_thread_blocked, id=9172, stack(0x00000085ffd00000,0x00000085ffe00000)]
  0x000001c6be8bc920 JavaThread "Signal Dispatcher" daemon [_thread_blocked, id=12180, stack(0x00000085ffe00000,0x00000085fff00000)]
  0x000001c6be8bd6a0 JavaThread "Attach Listener" daemon [_thread_blocked, id=6500, stack(0x00000085fff00000,0x0000008600000000)]
  0x000001c6be8be3b0 JavaThread "Service Thread" daemon [_thread_blocked, id=8224, stack(0x0000008580000000,0x0000008580100000)]
  0x000001c6c3051010 JavaThread "Monitor Deflation Thread" daemon [_thread_blocked, id=11784, stack(0x0000008580100000,0x0000008580200000)]
=>0x000001c6c3051cb0 JavaThread "C2 CompilerThread0" daemon [_thread_in_native, id=1012, stack(0x0000008580200000,0x0000008580300000)]
  0x000001c6c30546c0 JavaThread "C1 CompilerThread0" daemon [_thread_blocked, id=6840, stack(0x0000008580300000,0x0000008580400000)]
  0x000001c6c30556c0 JavaThread "Sweeper thread" daemon [_thread_blocked, id=11000, stack(0x0000008580400000,0x0000008580500000)]
  0x000001c6be84f8a0 JavaThread "Common-Cleaner" daemon [_thread_blocked, id=3744, stack(0x0000008580500000,0x0000008580600000)]
  0x000001c6c3299c30 JavaThread "Notification Thread" daemon [_thread_blocked, id=12636, stack(0x0000008580600000,0x0000008580700000)]
  0x000001c6c4f02b00 JavaThread "Daemon health stats" [_thread_blocked, id=2708, stack(0x0000008580c00000,0x0000008580d00000)]
  0x000001c6c4d1e2c0 JavaThread "Incoming local TCP Connector on port 53688" [_thread_in_native, id=12864, stack(0x0000008580d00000,0x0000008580e00000)]
  0x000001c6c48dc2d0 JavaThread "Daemon periodic checks" [_thread_blocked, id=8768, stack(0x0000008580e00000,0x0000008580f00000)]
  0x000001c6c3fa7e70 JavaThread "Daemon" [_thread_blocked, id=2548, stack(0x0000008580f00000,0x0000008581000000)]
  0x000001c6c4b9c030 JavaThread "Handler for socket connection from /127.0.0.1:53688 to /127.0.0.1:53689" [_thread_in_native, id=3248, stack(0x0000008581000000,0x0000008581100000)]
  0x000001c6c48d4630 JavaThread "Cancel handler" [_thread_blocked, id=5308, stack(0x0000008581100000,0x0000008581200000)]
  0x000001c6c48d4b00 JavaThread "Daemon worker" [_thread_in_vm, id=12736, stack(0x0000008581200000,0x0000008581300000)]
  0x000001c6c48d1140 JavaThread "Asynchronous log dispatcher for DefaultDaemonConnection: socket connection from /127.0.0.1:53688 to /127.0.0.1:53689" [_thread_blocked, id=708, stack(0x0000008581300000,0x0000008581400000)]
  0x000001c6c48d4160 JavaThread "Stdin handler" [_thread_blocked, id=10600, stack(0x0000008581400000,0x0000008581500000)]
  0x000001c6c48d1610 JavaThread "Daemon client event forwarder" [_thread_blocked, id=1716, stack(0x0000008581500000,0x0000008581600000)]
  0x000001c6c48d1ae0 JavaThread "Cache worker for journal cache (C:\Users\ASUS\.gradle\caches\journal-1)" [_thread_blocked, id=6340, stack(0x0000008581a00000,0x0000008581b00000)]
  0x000001c6c48d32f0 JavaThread "File lock request listener" [_thread_in_native, id=9544, stack(0x0000008581b00000,0x0000008581c00000)]
  0x000001c6c48d1fb0 JavaThread "Cache worker for file hash cache (C:\Users\ASUS\.gradle\caches\8.2\fileHashes)" [_thread_blocked, id=7916, stack(0x0000008581c00000,0x0000008581d00000)]
  0x000001c6c48d2480 JavaThread "File watcher server" daemon [_thread_in_native, id=10784, stack(0x0000008581d00000,0x0000008581e00000)]
  0x000001c6c48d2950 JavaThread "File watcher consumer" daemon [_thread_blocked, id=13136, stack(0x0000008581e00000,0x0000008581f00000)]
  0x000001c6c48d2e20 JavaThread "jar transforms" [_thread_blocked, id=10944, stack(0x0000008581f00000,0x0000008582000000)]
  0x000001c6c48d37c0 JavaThread "jar transforms Thread 2" [_thread_blocked, id=11560, stack(0x0000008582000000,0x0000008582100000)]
  0x000001c6c48d3c90 JavaThread "jar transforms Thread 3" [_thread_blocked, id=5612, stack(0x0000008582100000,0x0000008582200000)]
  0x000001c6c6178820 JavaThread "jar transforms Thread 4" [_thread_blocked, id=7276, stack(0x0000008582200000,0x0000008582300000)]
  0x000001c6c617a500 JavaThread "jar transforms Thread 5" [_thread_blocked, id=9256, stack(0x0000008582300000,0x0000008582400000)]
  0x000001c6c61791c0 JavaThread "jar transforms Thread 6" [_thread_blocked, id=6680, stack(0x0000008582400000,0x0000008582500000)]
  0x000001c6c617e860 JavaThread "jar transforms Thread 7" [_thread_blocked, id=11312, stack(0x0000008582500000,0x0000008582600000)]
  0x000001c6c61774e0 JavaThread "jar transforms Thread 8" [_thread_blocked, id=9788, stack(0x0000008582600000,0x0000008582700000)]
  0x000001c6c617a9d0 JavaThread "Cache worker for checksums cache (C:\Users\ASUS\AndroidStudioProjects\food_app_project\.gradle\8.2\checksums)" [_thread_blocked, id=12996, stack(0x0000008582700000,0x0000008582800000)]
  0x000001c6c6179690 JavaThread "Cache worker for cache directory md-rule (C:\Users\ASUS\.gradle\caches\8.2\md-rule)" [_thread_blocked, id=8684, stack(0x0000008582800000,0x0000008582900000)]
  0x000001c6c617aea0 JavaThread "Cache worker for file content cache (C:\Users\ASUS\.gradle\caches\8.2\fileContent)" [_thread_blocked, id=13144, stack(0x0000008582900000,0x0000008582a00000)]
  0x000001c6c617b370 JavaThread "Cache worker for file hash cache (C:\Users\ASUS\AndroidStudioProjects\food_app_project\.gradle\8.2\fileHashes)" [_thread_blocked, id=10352, stack(0x0000008582a00000,0x0000008582b00000)]
  0x000001c6c617b840 JavaThread "Cache worker for cache directory md-supplier (C:\Users\ASUS\.gradle\caches\8.2\md-supplier)" [_thread_blocked, id=6316, stack(0x0000008582b00000,0x0000008582c00000)]
  0x000001c6c617bd10 JavaThread "Cache worker for execution history cache (C:\Users\ASUS\.gradle\caches\8.2\executionHistory)" [_thread_blocked, id=11528, stack(0x0000008582c00000,0x0000008582d00000)]

Other Threads:
  0x000001c6c301fd30 VMThread "VM Thread" [stack: 0x00000085ffb00000,0x00000085ffc00000] [id=12548]
  0x000001c6a2e02fd0 WatcherThread [stack: 0x0000008580700000,0x0000008580800000] [id=10108]
  0x000001c6a2de98d0 GCTaskThread "GC Thread#0" [stack: 0x00000085ff600000,0x00000085ff700000] [id=3436]
  0x000001c6c3d96fd0 GCTaskThread "GC Thread#1" [stack: 0x0000008580800000,0x0000008580900000] [id=7380]
  0x000001c6c3bd0b20 GCTaskThread "GC Thread#2" [stack: 0x0000008580900000,0x0000008580a00000] [id=4840]
  0x000001c6c3aab880 GCTaskThread "GC Thread#3" [stack: 0x0000008580a00000,0x0000008580b00000] [id=11632]
  0x000001c6c428c050 GCTaskThread "GC Thread#4" [stack: 0x0000008580b00000,0x0000008580c00000] [id=9360]
  0x000001c6c4bcecb0 GCTaskThread "GC Thread#5" [stack: 0x0000008581600000,0x0000008581700000] [id=4988]
  0x000001c6c4ee5eb0 GCTaskThread "GC Thread#6" [stack: 0x0000008581700000,0x0000008581800000] [id=944]
  0x000001c6c4ee6160 GCTaskThread "GC Thread#7" [stack: 0x0000008581800000,0x0000008581900000] [id=8168]
  0x000001c6a2dfa880 ConcurrentGCThread "G1 Main Marker" [stack: 0x00000085ff700000,0x00000085ff800000] [id=5764]
  0x000001c6a2dfb290 ConcurrentGCThread "G1 Conc#0" [stack: 0x00000085ff800000,0x00000085ff900000] [id=9480]
  0x000001c6c4eaec70 ConcurrentGCThread "G1 Conc#1" [stack: 0x0000008581900000,0x0000008581a00000] [id=7504]
  0x000001c6a2e4e950 ConcurrentGCThread "G1 Refine#0" [stack: 0x00000085ff900000,0x00000085ffa00000] [id=7120]
  0x000001c6be714320 ConcurrentGCThread "G1 Service" [stack: 0x00000085ffa00000,0x00000085ffb00000] [id=12532]

Threads with active compile tasks:
C2 CompilerThread0     7201 3783       4       org.objectweb.asm.Frame::execute (2318 bytes)

VM state: not at safepoint (normal execution)

VM Mutex/Monitor currently owned by a thread: None

Heap address: 0x0000000080000000, size: 2048 MB, Compressed Oops mode: 32-bit

CDS archive(s) not mapped
Compressed class space mapped at: 0x0000000100000000-0x0000000140000000, reserved size: 1073741824
Narrow klass base: 0x0000000000000000, Narrow klass shift: 3, Narrow klass range: 0x140000000

GC Precious Log:
 CPUs: 8 total, 8 available
 Memory: 6091M
 Large Page Support: Disabled
 NUMA Support: Disabled
 Compressed Oops: Enabled (32-bit)
 Heap Region Size: 1M
 Heap Min Capacity: 8M
 Heap Initial Capacity: 96M
 Heap Max Capacity: 2G
 Pre-touch: Disabled
 Parallel Workers: 8
 Concurrent Workers: 2
 Concurrent Refinement Workers: 8
 Periodic GC: Disabled

Heap:
 garbage-first heap   total 76800K, used 47990K [0x0000000080000000, 0x0000000100000000)
  region size 1024K, 12 young (12288K), 1 survivors (1024K)
 Metaspace       used 45702K, committed 46080K, reserved 1114112K
  class space    used 6065K, committed 6208K, reserved 1048576K

Heap Regions: E=young(eden), S=young(survivor), O=old, HS=humongous(starts), HC=humongous(continues), CS=collection set, F=free, OA=open archive, CA=closed archive, TAMS=top-at-mark-start (previous, next)
|   0|0x0000000080000000, 0x0000000080100000, 0x0000000080100000|100%|HS|  |TAMS 0x0000000080100000, 0x0000000080000000| Complete 
|   1|0x0000000080100000, 0x0000000080200000, 0x0000000080200000|100%|HC|  |TAMS 0x0000000080200000, 0x0000000080100000| Complete 
|   2|0x0000000080200000, 0x0000000080300000, 0x0000000080300000|100%|HC|  |TAMS 0x0000000080300000, 0x0000000080200000| Complete 
|   3|0x0000000080300000, 0x0000000080400000, 0x0000000080400000|100%|HC|  |TAMS 0x0000000080400000, 0x0000000080300000| Complete 
|   4|0x0000000080400000, 0x0000000080500000, 0x0000000080500000|100%| O|  |TAMS 0x0000000080500000, 0x0000000080400000| Untracked 
|   5|0x0000000080500000, 0x0000000080600000, 0x0000000080600000|100%| O|  |TAMS 0x0000000080600000, 0x0000000080500000| Untracked 
|   6|0x0000000080600000, 0x0000000080700000, 0x0000000080700000|100%| O|  |TAMS 0x0000000080700000, 0x0000000080600000| Untracked 
|   7|0x0000000080700000, 0x0000000080800000, 0x0000000080800000|100%| O|  |TAMS 0x0000000080800000, 0x0000000080700000| Untracked 
|   8|0x0000000080800000, 0x0000000080900000, 0x0000000080900000|100%| O|  |TAMS 0x0000000080900000, 0x0000000080800000| Untracked 
|   9|0x0000000080900000, 0x0000000080a00000, 0x0000000080a00000|100%| O|  |TAMS 0x0000000080a00000, 0x0000000080900000| Untracked 
|  10|0x0000000080a00000, 0x0000000080b00000, 0x0000000080b00000|100%| O|  |TAMS 0x0000000080b00000, 0x0000000080a00000| Untracked 
|  11|0x0000000080b00000, 0x0000000080c00000, 0x0000000080c00000|100%| O|  |TAMS 0x0000000080c00000, 0x0000000080b00000| Untracked 
|  12|0x0000000080c00000, 0x0000000080c76a00, 0x0000000080d00000| 46%| O|  |TAMS 0x0000000080c76a00, 0x0000000080c00000| Untracked 
|  13|0x0000000080d00000, 0x0000000080e00000, 0x0000000080e00000|100%| O|  |TAMS 0x0000000080e00000, 0x0000000080d00000| Untracked 
|  14|0x0000000080e00000, 0x0000000080f00000, 0x0000000080f00000|100%| O|  |TAMS 0x0000000080f00000, 0x0000000080e00000| Untracked 
|  15|0x0000000080f00000, 0x0000000081000000, 0x0000000081000000|100%| O|  |TAMS 0x0000000081000000, 0x0000000080f00000| Untracked 
|  16|0x0000000081000000, 0x0000000081100000, 0x0000000081100000|100%| O|  |TAMS 0x0000000081100000, 0x0000000081000000| Untracked 
|  17|0x0000000081100000, 0x0000000081200000, 0x0000000081200000|100%| O|  |TAMS 0x0000000081200000, 0x0000000081100000| Untracked 
|  18|0x0000000081200000, 0x0000000081300000, 0x0000000081300000|100%| O|  |TAMS 0x0000000081300000, 0x0000000081200000| Untracked 
|  19|0x0000000081300000, 0x0000000081400000, 0x0000000081400000|100%|HS|  |TAMS 0x0000000081400000, 0x0000000081300000| Complete 
|  20|0x0000000081400000, 0x0000000081500000, 0x0000000081500000|100%|HC|  |TAMS 0x0000000081500000, 0x0000000081400000| Complete 
|  21|0x0000000081500000, 0x0000000081600000, 0x0000000081600000|100%|HS|  |TAMS 0x0000000081600000, 0x0000000081500000| Complete 
|  22|0x0000000081600000, 0x0000000081700000, 0x0000000081700000|100%|HC|  |TAMS 0x0000000081700000, 0x0000000081600000| Complete 
|  23|0x0000000081700000, 0x0000000081800000, 0x0000000081800000|100%|HC|  |TAMS 0x0000000081800000, 0x0000000081700000| Complete 
|  24|0x0000000081800000, 0x0000000081900000, 0x0000000081900000|100%| O|  |TAMS 0x0000000081900000, 0x0000000081800000| Untracked 
|  25|0x0000000081900000, 0x0000000081a00000, 0x0000000081a00000|100%| O|  |TAMS 0x0000000081a00000, 0x0000000081900000| Untracked 
|  26|0x0000000081a00000, 0x0000000081b00000, 0x0000000081b00000|100%| O|  |TAMS 0x0000000081b00000, 0x0000000081a00000| Untracked 
|  27|0x0000000081b00000, 0x0000000081c00000, 0x0000000081c00000|100%|HS|  |TAMS 0x0000000081c00000, 0x0000000081b00000| Complete 
|  28|0x0000000081c00000, 0x0000000081d00000, 0x0000000081d00000|100%|HC|  |TAMS 0x0000000081d00000, 0x0000000081c00000| Complete 
|  29|0x0000000081d00000, 0x0000000081e00000, 0x0000000081e00000|100%| O|  |TAMS 0x0000000081e00000, 0x0000000081d00000| Untracked 
|  30|0x0000000081e00000, 0x0000000081f00000, 0x0000000081f00000|100%| O|  |TAMS 0x0000000081f00000, 0x0000000081e00000| Untracked 
|  31|0x0000000081f00000, 0x0000000082000000, 0x0000000082000000|100%| O|  |TAMS 0x0000000082000000, 0x0000000081f00000| Untracked 
|  32|0x0000000082000000, 0x0000000082100000, 0x0000000082100000|100%| O|  |TAMS 0x0000000082100000, 0x0000000082000000| Untracked 
|  33|0x0000000082100000, 0x0000000082200000, 0x0000000082200000|100%| O|  |TAMS 0x0000000082200000, 0x0000000082100000| Untracked 
|  34|0x0000000082200000, 0x0000000082300000, 0x0000000082300000|100%| O|  |TAMS 0x0000000082300000, 0x0000000082200000| Untracked 
|  35|0x0000000082300000, 0x0000000082400000, 0x0000000082400000|100%| O|  |TAMS 0x00000000823d9a00, 0x0000000082300000| Untracked 
|  36|0x0000000082400000, 0x0000000082500000, 0x0000000082500000|100%| O|  |TAMS 0x0000000082400000, 0x0000000082400000| Untracked 
|  37|0x0000000082500000, 0x000000008259dc00, 0x0000000082600000| 61%| O|  |TAMS 0x0000000082500000, 0x0000000082500000| Untracked 
|  38|0x0000000082600000, 0x0000000082600000, 0x0000000082700000|  0%| F|  |TAMS 0x0000000082600000, 0x0000000082600000| Untracked 
|  39|0x0000000082700000, 0x0000000082700000, 0x0000000082800000|  0%| F|  |TAMS 0x0000000082700000, 0x0000000082700000| Untracked 
|  40|0x0000000082800000, 0x0000000082800000, 0x0000000082900000|  0%| F|  |TAMS 0x0000000082800000, 0x0000000082800000| Untracked 
|  41|0x0000000082900000, 0x0000000082900000, 0x0000000082a00000|  0%| F|  |TAMS 0x0000000082900000, 0x0000000082900000| Untracked 
|  42|0x0000000082a00000, 0x0000000082a00000, 0x0000000082b00000|  0%| F|  |TAMS 0x0000000082a00000, 0x0000000082a00000| Untracked 
|  43|0x0000000082b00000, 0x0000000082b00000, 0x0000000082c00000|  0%| F|  |TAMS 0x0000000082b00000, 0x0000000082b00000| Untracked 
|  44|0x0000000082c00000, 0x0000000082c00000, 0x0000000082d00000|  0%| F|  |TAMS 0x0000000082c00000, 0x0000000082c00000| Untracked 
|  45|0x0000000082d00000, 0x0000000082d00000, 0x0000000082e00000|  0%| F|  |TAMS 0x0000000082d00000, 0x0000000082d00000| Untracked 
|  46|0x0000000082e00000, 0x0000000082e00000, 0x0000000082f00000|  0%| F|  |TAMS 0x0000000082e00000, 0x0000000082e00000| Untracked 
|  47|0x0000000082f00000, 0x0000000082f00000, 0x0000000083000000|  0%| F|  |TAMS 0x0000000082f00000, 0x0000000082f00000| Untracked 
|  48|0x0000000083000000, 0x0000000083000000, 0x0000000083100000|  0%| F|  |TAMS 0x0000000083000000, 0x0000000083000000| Untracked 
|  49|0x0000000083100000, 0x0000000083100000, 0x0000000083200000|  0%| F|  |TAMS 0x0000000083100000, 0x0000000083100000| Untracked 
|  50|0x0000000083200000, 0x0000000083200000, 0x0000000083300000|  0%| F|  |TAMS 0x0000000083200000, 0x0000000083200000| Untracked 
|  51|0x0000000083300000, 0x0000000083300000, 0x0000000083400000|  0%| F|  |TAMS 0x0000000083300000, 0x0000000083300000| Untracked 
|  52|0x0000000083400000, 0x0000000083400000, 0x0000000083500000|  0%| F|  |TAMS 0x0000000083400000, 0x0000000083400000| Untracked 
|  53|0x0000000083500000, 0x0000000083500000, 0x0000000083600000|  0%| F|  |TAMS 0x0000000083500000, 0x0000000083500000| Untracked 
|  54|0x0000000083600000, 0x0000000083600000, 0x0000000083700000|  0%| F|  |TAMS 0x0000000083600000, 0x0000000083600000| Untracked 
|  55|0x0000000083700000, 0x0000000083700000, 0x0000000083800000|  0%| F|  |TAMS 0x0000000083700000, 0x0000000083700000| Untracked 
|  56|0x0000000083800000, 0x0000000083800000, 0x0000000083900000|  0%| F|  |TAMS 0x0000000083800000, 0x0000000083800000| Untracked 
|  57|0x0000000083900000, 0x0000000083900000, 0x0000000083a00000|  0%| F|  |TAMS 0x0000000083900000, 0x0000000083900000| Untracked 
|  58|0x0000000083a00000, 0x0000000083a00000, 0x0000000083b00000|  0%| F|  |TAMS 0x0000000083a00000, 0x0000000083a00000| Untracked 
|  59|0x0000000083b00000, 0x0000000083b00000, 0x0000000083c00000|  0%| F|  |TAMS 0x0000000083b00000, 0x0000000083b00000| Untracked 
|  60|0x0000000083c00000, 0x0000000083c00000, 0x0000000083d00000|  0%| F|  |TAMS 0x0000000083c00000, 0x0000000083c00000| Untracked 
|  61|0x0000000083d00000, 0x0000000083d00000, 0x0000000083e00000|  0%| F|  |TAMS 0x0000000083d00000, 0x0000000083d00000| Untracked 
|  62|0x0000000083e00000, 0x0000000083ec9480, 0x0000000083f00000| 78%| S|CS|TAMS 0x0000000083e00000, 0x0000000083e00000| Complete 
|  63|0x0000000083f00000, 0x0000000083f00000, 0x0000000084000000|  0%| F|  |TAMS 0x0000000083f00000, 0x0000000083f00000| Untracked 
|  64|0x0000000084000000, 0x00000000840b0848, 0x0000000084100000| 68%| E|  |TAMS 0x0000000084000000, 0x0000000084000000| Complete 
|  65|0x0000000084100000, 0x0000000084200000, 0x0000000084200000|100%| E|CS|TAMS 0x0000000084100000, 0x0000000084100000| Complete 
|  66|0x0000000084200000, 0x0000000084300000, 0x0000000084300000|100%| E|CS|TAMS 0x0000000084200000, 0x0000000084200000| Complete 
|  67|0x0000000084300000, 0x0000000084400000, 0x0000000084400000|100%| E|CS|TAMS 0x0000000084300000, 0x0000000084300000| Complete 
|  68|0x0000000084400000, 0x0000000084500000, 0x0000000084500000|100%| E|CS|TAMS 0x0000000084400000, 0x0000000084400000| Complete 
|  69|0x0000000084500000, 0x0000000084600000, 0x0000000084600000|100%| E|CS|TAMS 0x0000000084500000, 0x0000000084500000| Complete 
|  70|0x0000000084600000, 0x0000000084700000, 0x0000000084700000|100%| E|CS|TAMS 0x0000000084600000, 0x0000000084600000| Complete 
|  71|0x0000000084700000, 0x0000000084800000, 0x0000000084800000|100%| E|  |TAMS 0x0000000084700000, 0x0000000084700000| Complete 
|  72|0x0000000084800000, 0x0000000084900000, 0x0000000084900000|100%| E|CS|TAMS 0x0000000084800000, 0x0000000084800000| Complete 
|  73|0x0000000084900000, 0x0000000084a00000, 0x0000000084a00000|100%| E|CS|TAMS 0x0000000084900000, 0x0000000084900000| Complete 
|  95|0x0000000085f00000, 0x0000000086000000, 0x0000000086000000|100%| E|CS|TAMS 0x0000000085f00000, 0x0000000085f00000| Complete 

Card table byte_map: [0x000001c6b78d0000,0x000001c6b7cd0000] _byte_map_base: 0x000001c6b74d0000

Marking Bits (Prev, Next): (CMBitMap*) 0x000001c6a2de9ee0, (CMBitMap*) 0x000001c6a2de9f20
 Prev Bits: [0x000001c6b80d0000, 0x000001c6ba0d0000)
 Next Bits: [0x000001c6ba0d0000, 0x000001c6bc0d0000)

Polling page: 0x000001c6a2e50000

Metaspace:

Usage:
  Non-class:     38.71 MB used.
      Class:      5.93 MB used.
       Both:     44.64 MB used.

Virtual space:
  Non-class space:       64.00 MB reserved,      38.94 MB ( 61%) committed,  1 nodes.
      Class space:        1.00 GB reserved,       6.12 MB ( <1%) committed,  1 nodes.
             Both:        1.06 GB reserved,      45.06 MB (  4%) committed. 

Chunk freelists:
   Non-Class:  8.83 MB
       Class:  9.73 MB
        Both:  18.56 MB

MaxMetaspaceSize: unlimited
CompressedClassSpaceSize: 1.00 GB
Initial GC threshold: 21.00 MB
Current GC threshold: 70.94 MB
CDS: off
MetaspaceReclaimPolicy: balanced
 - commit_granule_bytes: 65536.
 - commit_granule_words: 8192.
 - virtual_space_node_default_size: 8388608.
 - enlarge_chunks_in_place: 1.
 - new_chunks_are_fully_committed: 0.
 - uncommit_free_chunks: 1.
 - use_allocation_guard: 0.
 - handle_deallocations: 1.


Internal statistics:

num_allocs_failed_limit: 3.
num_arena_births: 390.
num_arena_deaths: 0.
num_vsnodes_births: 2.
num_vsnodes_deaths: 0.
num_space_committed: 721.
num_space_uncommitted: 0.
num_chunks_returned_to_freelist: 3.
num_chunks_taken_from_freelist: 1744.
num_chunk_merges: 3.
num_chunk_splits: 1165.
num_chunks_enlarged: 806.
num_inconsistent_stats: 0.

CodeHeap 'non-profiled nmethods': size=120000Kb used=1913Kb max_used=1913Kb free=118086Kb
 bounds [0x000001c6af540000, 0x000001c6af7b0000, 0x000001c6b6a70000]
CodeHeap 'profiled nmethods': size=120000Kb used=7914Kb max_used=7914Kb free=112085Kb
 bounds [0x000001c6a7a70000, 0x000001c6a8230000, 0x000001c6aefa0000]
CodeHeap 'non-nmethods': size=5760Kb used=2290Kb max_used=2314Kb free=3469Kb
 bounds [0x000001c6aefa0000, 0x000001c6af210000, 0x000001c6af540000]
 total_blobs=4619 nmethods=3821 adapters=710
 compilation: enabled
              stopped_count=0, restarted_count=0
 full_count=0

Compilation events (20 events):
Event: 7.084 Thread 0x000001c6c30546c0 nmethod 3863 0x000001c6a8224910 code [0x000001c6a8224b00, 0x000001c6a8224ec8]
Event: 7.084 Thread 0x000001c6c30546c0 3864       3       org.objectweb.asm.ClassVisitor::visitField (24 bytes)
Event: 7.084 Thread 0x000001c6c30546c0 nmethod 3864 0x000001c6a8225110 code [0x000001c6a82252c0, 0x000001c6a82254e8]
Event: 7.084 Thread 0x000001c6c30546c0 3865       3       org.objectweb.asm.FieldWriter::computeFieldInfoSize (86 bytes)
Event: 7.084 Thread 0x000001c6c30546c0 nmethod 3865 0x000001c6a8225610 code [0x000001c6a82257e0, 0x000001c6a8225ab8]
Event: 7.084 Thread 0x000001c6c30546c0 3866       3       org.objectweb.asm.FieldWriter::putFieldInfo (269 bytes)
Event: 7.085 Thread 0x000001c6c30546c0 nmethod 3866 0x000001c6a8225c10 code [0x000001c6a8225ea0, 0x000001c6a8226828]
Event: 7.085 Thread 0x000001c6c30546c0 3858   !   3       java.lang.reflect.Field::declaredAnnotations (82 bytes)
Event: 7.085 Thread 0x000001c6c30546c0 nmethod 3858 0x000001c6a8226b90 code [0x000001c6a8226d80, 0x000001c6a8227288]
Event: 7.090 Thread 0x000001c6c30546c0 3868       3       java.lang.invoke.LambdaForm::returnType (26 bytes)
Event: 7.090 Thread 0x000001c6c30546c0 nmethod 3868 0x000001c6a8227510 code [0x000001c6a82276c0, 0x000001c6a8227878]
Event: 7.102 Thread 0x000001c6c30546c0 3872       3       org.gradle.model.internal.asm.MethodVisitorScope::_LDC (6 bytes)
Event: 7.102 Thread 0x000001c6c30546c0 nmethod 3872 0x000001c6a8227990 code [0x000001c6a8227b20, 0x000001c6a8227c68]
Event: 7.102 Thread 0x000001c6c30546c0 3873       3       org.objectweb.asm.MethodVisitor::visitLdcInsn (87 bytes)
Event: 7.103 Thread 0x000001c6c30546c0 nmethod 3873 0x000001c6a8227d10 code [0x000001c6a8227f20, 0x000001c6a82288e8]
Event: 7.103 Thread 0x000001c6c30546c0 3874       3       org.gradle.model.internal.asm.MethodVisitorScope::_PUTFIELD (11 bytes)
Event: 7.103 Thread 0x000001c6c30546c0 nmethod 3874 0x000001c6a8228b10 code [0x000001c6a8228ca0, 0x000001c6a8228de8]
Event: 7.164 Thread 0x000001c6c30546c0 3879       3       java.lang.invoke.InvokerBytecodeGenerator::emitStoreInsn (21 bytes)
Event: 7.164 Thread 0x000001c6c30546c0 nmethod 3879 0x000001c6a8228e90 code [0x000001c6a8229040, 0x000001c6a8229298]
Event: 7.165 Thread 0x000001c6c30546c0 3880       3       java.lang.invoke.MethodType::dropParameterTypes (162 bytes)

GC Heap History (20 events):
Event: 3.146 GC heap before
{Heap before GC invocations=2 (full 0):
 garbage-first heap   total 98304K, used 56714K [0x0000000080000000, 0x0000000100000000)
  region size 1024K, 46 young (47104K), 2 survivors (2048K)
 Metaspace       used 21301K, committed 21504K, reserved 1114112K
  class space    used 2568K, committed 2688K, reserved 1048576K
}
Event: 3.153 GC heap after
{Heap after GC invocations=3 (full 0):
 garbage-first heap   total 98304K, used 18906K [0x0000000080000000, 0x0000000100000000)
  region size 1024K, 7 young (7168K), 7 survivors (7168K)
 Metaspace       used 21301K, committed 21504K, reserved 1114112K
  class space    used 2568K, committed 2688K, reserved 1048576K
}
Event: 4.081 GC heap before
{Heap before GC invocations=4 (full 0):
 garbage-first heap   total 68608K, used 52698K [0x0000000080000000, 0x0000000100000000)
  region size 1024K, 40 young (40960K), 7 survivors (7168K)
 Metaspace       used 26133K, committed 26432K, reserved 1114112K
  class space    used 3417K, committed 3584K, reserved 1048576K
}
Event: 4.089 GC heap after
{Heap after GC invocations=5 (full 0):
 garbage-first heap   total 68608K, used 20685K [0x0000000080000000, 0x0000000100000000)
  region size 1024K, 3 young (3072K), 3 survivors (3072K)
 Metaspace       used 26133K, committed 26432K, reserved 1114112K
  class space    used 3417K, committed 3584K, reserved 1048576K
}
Event: 4.796 GC heap before
{Heap before GC invocations=5 (full 0):
 garbage-first heap   total 68608K, used 54477K [0x0000000080000000, 0x0000000100000000)
  region size 1024K, 29 young (29696K), 3 survivors (3072K)
 Metaspace       used 29718K, committed 30080K, reserved 1114112K
  class space    used 4040K, committed 4224K, reserved 1048576K
}
Event: 4.800 GC heap after
{Heap after GC invocations=6 (full 0):
 garbage-first heap   total 68608K, used 30486K [0x0000000080000000, 0x0000000100000000)
  region size 1024K, 4 young (4096K), 4 survivors (4096K)
 Metaspace       used 29718K, committed 30080K, reserved 1114112K
  class space    used 4040K, committed 4224K, reserved 1048576K
}
Event: 5.259 GC heap before
{Heap before GC invocations=6 (full 0):
 garbage-first heap   total 68608K, used 49942K [0x0000000080000000, 0x0000000100000000)
  region size 1024K, 24 young (24576K), 4 survivors (4096K)
 Metaspace       used 32237K, committed 32640K, reserved 1114112K
  class space    used 4440K, committed 4608K, reserved 1048576K
}
Event: 5.263 GC heap after
{Heap after GC invocations=7 (full 0):
 garbage-first heap   total 68608K, used 31932K [0x0000000080000000, 0x0000000100000000)
  region size 1024K, 2 young (2048K), 2 survivors (2048K)
 Metaspace       used 32237K, committed 32640K, reserved 1114112K
  class space    used 4440K, committed 4608K, reserved 1048576K
}
Event: 5.693 GC heap before
{Heap before GC invocations=7 (full 0):
 garbage-first heap   total 68608K, used 50364K [0x0000000080000000, 0x0000000100000000)
  region size 1024K, 21 young (21504K), 2 survivors (2048K)
 Metaspace       used 34783K, committed 35136K, reserved 1114112K
  class space    used 4831K, committed 4992K, reserved 1048576K
}
Event: 5.696 GC heap after
{Heap after GC invocations=8 (full 0):
 garbage-first heap   total 68608K, used 32493K [0x0000000080000000, 0x0000000100000000)
  region size 1024K, 2 young (2048K), 2 survivors (2048K)
 Metaspace       used 34783K, committed 35136K, reserved 1114112K
  class space    used 4831K, committed 4992K, reserved 1048576K
}
Event: 6.179 GC heap before
{Heap before GC invocations=9 (full 0):
 garbage-first heap   total 68608K, used 51949K [0x0000000080000000, 0x0000000100000000)
  region size 1024K, 22 young (22528K), 2 survivors (2048K)
 Metaspace       used 38754K, committed 39104K, reserved 1114112K
  class space    used 5271K, committed 5440K, reserved 1048576K
}
Event: 6.184 GC heap after
{Heap after GC invocations=10 (full 0):
 garbage-first heap   total 68608K, used 34534K [0x0000000080000000, 0x0000000100000000)
  region size 1024K, 3 young (3072K), 3 survivors (3072K)
 Metaspace       used 38754K, committed 39104K, reserved 1114112K
  class space    used 5271K, committed 5440K, reserved 1048576K
}
Event: 6.549 GC heap before
{Heap before GC invocations=10 (full 0):
 garbage-first heap   total 68608K, used 52966K [0x0000000080000000, 0x0000000100000000)
  region size 1024K, 22 young (22528K), 3 survivors (3072K)
 Metaspace       used 42146K, committed 42560K, reserved 1114112K
  class space    used 5648K, committed 5824K, reserved 1048576K
}
Event: 6.556 GC heap after
{Heap after GC invocations=11 (full 0):
 garbage-first heap   total 68608K, used 36930K [0x0000000080000000, 0x0000000100000000)
  region size 1024K, 3 young (3072K), 3 survivors (3072K)
 Metaspace       used 42146K, committed 42560K, reserved 1114112K
  class space    used 5648K, committed 5824K, reserved 1048576K
}
Event: 6.718 GC heap before
{Heap before GC invocations=12 (full 0):
 garbage-first heap   total 68608K, used 52290K [0x0000000080000000, 0x0000000100000000)
  region size 1024K, 19 young (19456K), 3 survivors (3072K)
 Metaspace       used 42596K, committed 42944K, reserved 1114112K
  class space    used 5694K, committed 5888K, reserved 1048576K
}
Event: 6.722 GC heap after
{Heap after GC invocations=13 (full 0):
 garbage-first heap   total 68608K, used 38096K [0x0000000080000000, 0x0000000100000000)
  region size 1024K, 2 young (2048K), 2 survivors (2048K)
 Metaspace       used 42596K, committed 42944K, reserved 1114112K
  class space    used 5694K, committed 5888K, reserved 1048576K
}
Event: 6.722 GC heap before
{Heap before GC invocations=13 (full 0):
 garbage-first heap   total 68608K, used 38096K [0x0000000080000000, 0x0000000100000000)
  region size 1024K, 3 young (3072K), 2 survivors (2048K)
 Metaspace       used 42596K, committed 42944K, reserved 1114112K
  class space    used 5694K, committed 5888K, reserved 1048576K
}
Event: 6.724 GC heap after
{Heap after GC invocations=14 (full 0):
 garbage-first heap   total 68608K, used 38480K [0x0000000080000000, 0x0000000100000000)
  region size 1024K, 1 young (1024K), 1 survivors (1024K)
 Metaspace       used 42596K, committed 42944K, reserved 1114112K
  class space    used 5694K, committed 5888K, reserved 1048576K
}
Event: 6.994 GC heap before
{Heap before GC invocations=15 (full 0):
 garbage-first heap   total 76800K, used 54864K [0x0000000080000000, 0x0000000100000000)
  region size 1024K, 12 young (12288K), 1 survivors (1024K)
 Metaspace       used 44525K, committed 44928K, reserved 1114112K
  class space    used 5880K, committed 6080K, reserved 1048576K
}
Event: 6.997 GC heap after
{Heap after GC invocations=16 (full 0):
 garbage-first heap   total 76800K, used 38774K [0x0000000080000000, 0x0000000100000000)
  region size 1024K, 1 young (1024K), 1 survivors (1024K)
 Metaspace       used 44525K, committed 44928K, reserved 1114112K
  class space    used 5880K, committed 6080K, reserved 1048576K
}

Dll operation events (3 events):
Event: 0.028 Loaded shared library C:\Program Files\Android\Android Studio\jbr\bin\java.dll
Event: 0.245 Loaded shared library C:\Program Files\Android\Android Studio\jbr\bin\zip.dll
Event: 0.679 Loaded shared library C:\Program Files\Android\Android Studio\jbr\bin\verify.dll

Deoptimization events (20 events):
Event: 6.470 Thread 0x000001c6c48d4b00 DEOPT PACKING pc=0x000001c6af6df128 sp=0x00000085812f6b90
Event: 6.470 Thread 0x000001c6c48d4b00 DEOPT UNPACKING pc=0x000001c6aeff69a3 sp=0x00000085812f6b38 mode 2
Event: 6.470 Thread 0x000001c6c48d4b00 Uncommon trap: trap_request=0xffffffc6 fr.pc=0x000001c6af6df128 relative=0x00000000000002c8
Event: 6.470 Thread 0x000001c6c48d4b00 Uncommon trap: reason=bimorphic_or_optimized_type_check action=maybe_recompile pc=0x000001c6af6df128 method=java.util.stream.MatchOps$1MatchSink.accept(Ljava/lang/Object;)V @ 12 c2
Event: 6.471 Thread 0x000001c6c48d4b00 DEOPT PACKING pc=0x000001c6af6df128 sp=0x00000085812f6b90
Event: 6.471 Thread 0x000001c6c48d4b00 DEOPT UNPACKING pc=0x000001c6aeff69a3 sp=0x00000085812f6b38 mode 2
Event: 6.650 Thread 0x000001c6c48d4b00 Uncommon trap: trap_request=0xffffffde fr.pc=0x000001c6af6f190c relative=0x000000000000042c
Event: 6.650 Thread 0x000001c6c48d4b00 Uncommon trap: reason=class_check action=maybe_recompile pc=0x000001c6af6f190c method=java.util.regex.Pattern$Start.match(Ljava/util/regex/Matcher;ILjava/lang/CharSequence;)Z @ 44 c2
Event: 6.650 Thread 0x000001c6c48d4b00 DEOPT PACKING pc=0x000001c6af6f190c sp=0x00000085812f7ea0
Event: 6.650 Thread 0x000001c6c48d4b00 DEOPT UNPACKING pc=0x000001c6aeff69a3 sp=0x00000085812f7dd0 mode 2
Event: 6.651 Thread 0x000001c6c48d4b00 Uncommon trap: trap_request=0xffffffde fr.pc=0x000001c6af6f190c relative=0x000000000000042c
Event: 6.651 Thread 0x000001c6c48d4b00 Uncommon trap: reason=class_check action=maybe_recompile pc=0x000001c6af6f190c method=java.util.regex.Pattern$Start.match(Ljava/util/regex/Matcher;ILjava/lang/CharSequence;)Z @ 44 c2
Event: 6.651 Thread 0x000001c6c48d4b00 DEOPT PACKING pc=0x000001c6af6f190c sp=0x00000085812f7ea0
Event: 6.651 Thread 0x000001c6c48d4b00 DEOPT UNPACKING pc=0x000001c6aeff69a3 sp=0x00000085812f7dd0 mode 2
Event: 7.004 Thread 0x000001c6c48d4b00 Uncommon trap: trap_request=0xffffff45 fr.pc=0x000001c6af6e6030 relative=0x0000000000000110
Event: 7.004 Thread 0x000001c6c48d4b00 Uncommon trap: reason=unstable_if action=reinterpret pc=0x000001c6af6e6030 method=java.util.Arrays.hashCode([Ljava/lang/Object;)I @ 34 c2
Event: 7.004 Thread 0x000001c6c48d4b00 DEOPT PACKING pc=0x000001c6af6e6030 sp=0x00000085812f75e0
Event: 7.004 Thread 0x000001c6c48d4b00 DEOPT UNPACKING pc=0x000001c6aeff69a3 sp=0x00000085812f7558 mode 2
Event: 7.044 Thread 0x000001c6c48d4b00 DEOPT PACKING pc=0x000001c6a8171d95 sp=0x00000085812f4230
Event: 7.044 Thread 0x000001c6c48d4b00 DEOPT UNPACKING pc=0x000001c6aeff7143 sp=0x00000085812f36b8 mode 0

Classes unloaded (0 events):
No events

Classes redefined (0 events):
No events

Internal exceptions (20 events):
Event: 6.703 Thread 0x000001c6c48d4b00 Exception <a 'java/lang/ClassNotFoundException'{0x00000000834b86a8}: org/gradle/invocation/DefaultGradle_DecoratedCustomizer> (0x00000000834b86a8) 
thrown [s\src\hotspot\share\classfile\systemDictionary.cpp, line 256]
Event: 6.807 Thread 0x000001c6c48d4b00 Exception <a 'java/lang/ClassNotFoundException'{0x00000000849df000}: groovy/lang/Closure$1BeanInfo> (0x00000000849df000) 
thrown [s\src\hotspot\share\classfile\systemDictionary.cpp, line 256]
Event: 6.808 Thread 0x000001c6c48d4b00 Exception <a 'java/lang/ClassNotFoundException'{0x0000000084803770}: groovy/lang/ClosureBeanInfo> (0x0000000084803770) 
thrown [s\src\hotspot\share\classfile\systemDictionary.cpp, line 256]
Event: 6.809 Thread 0x000001c6c48d4b00 Exception <a 'java/lang/ClassNotFoundException'{0x0000000084827b00}: groovy/lang/ClosureCustomizer> (0x0000000084827b00) 
thrown [s\src\hotspot\share\classfile\systemDictionary.cpp, line 256]
Event: 6.813 Thread 0x000001c6c48d4b00 Exception <a 'java/lang/ClassNotFoundException'{0x000000008486f5a0}: groovy/lang/Closure$1Customizer> (0x000000008486f5a0) 
thrown [s\src\hotspot\share\classfile\systemDictionary.cpp, line 256]
Event: 6.847 Thread 0x000001c6c48d4b00 Exception <a 'java/lang/ClassNotFoundException'{0x00000000847ada50}: sync_studio_tooling11_19mharunjgqwcyjrv8jtwi6lxBeanInfo> (0x00000000847ada50) 
thrown [s\src\hotspot\share\classfile\systemDictionary.cpp, line 256]
Event: 6.847 Thread 0x000001c6c48d4b00 Exception <a 'java/lang/ClassNotFoundException'{0x00000000847b4580}: sync_studio_tooling11_19mharunjgqwcyjrv8jtwi6lxCustomizer> (0x00000000847b4580) 
thrown [s\src\hotspot\share\classfile\systemDictionary.cpp, line 256]
Event: 6.854 Thread 0x000001c6c48d4b00 Exception <a 'java/lang/ClassNotFoundException'{0x0000000084603480}: org/gradle/internal/metaobject/ConfigureDelegateBeanInfo> (0x0000000084603480) 
thrown [s\src\hotspot\share\classfile\systemDictionary.cpp, line 256]
Event: 6.856 Thread 0x000001c6c48d4b00 Exception <a 'java/lang/ClassNotFoundException'{0x0000000084613d90}: org/gradle/internal/metaobject/ConfigureDelegateCustomizer> (0x0000000084613d90) 
thrown [s\src\hotspot\share\classfile\systemDictionary.cpp, line 256]
Event: 6.863 Thread 0x000001c6c48d4b00 Exception <a 'java/lang/ClassNotFoundException'{0x00000000846691a8}: org/gradle/api/internal/initialization/DefaultScriptHandlerBeanInfo> (0x00000000846691a8) 
thrown [s\src\hotspot\share\classfile\systemDictionary.cpp, line 256]
Event: 6.864 Thread 0x000001c6c48d4b00 Exception <a 'java/lang/ClassNotFoundException'{0x0000000084679eb8}: org/gradle/api/internal/initialization/DefaultScriptHandlerCustomizer> (0x0000000084679eb8) 
thrown [s\src\hotspot\share\classfile\systemDictionary.cpp, line 256]
Event: 7.004 Thread 0x000001c6c48d4b00 Implicit null exception at 0x000001c6af6e5f6c to 0x000001c6af6e6014
Event: 7.012 Thread 0x000001c6c48d4b00 Exception <a 'java/lang/ClassNotFoundException'{0x0000000085fd9350}: org/gradle/api/internal/artifacts/dsl/dependencies/DefaultDependencyHandler_DecoratedBeanInfo> (0x0000000085fd9350) 
thrown [s\src\hotspot\share\classfile\systemDictionary.cpp, line 256]
Event: 7.013 Thread 0x000001c6c48d4b00 Exception <a 'java/lang/ClassNotFoundException'{0x0000000085fef598}: org/gradle/api/internal/artifacts/dsl/dependencies/DefaultDependencyHandlerBeanInfo> (0x0000000085fef598) 
thrown [s\src\hotspot\share\classfile\systemDictionary.cpp, line 256]
Event: 7.013 Thread 0x000001c6c48d4b00 Exception <a 'java/lang/ClassNotFoundException'{0x0000000084905968}: org/gradle/api/internal/artifacts/dsl/dependencies/DefaultDependencyHandlerCustomizer> (0x0000000084905968) 
thrown [s\src\hotspot\share\classfile\systemDictionary.cpp, line 256]
Event: 7.016 Thread 0x000001c6c48d4b00 Exception <a 'java/lang/ClassNotFoundException'{0x0000000084944f30}: org/gradle/api/internal/artifacts/dsl/dependencies/DefaultDependencyHandler_DecoratedCustomizer> (0x0000000084944f30) 
thrown [s\src\hotspot\share\classfile\systemDictionary.cpp, line 256]
Event: 7.018 Thread 0x000001c6c48d4b00 Exception <a 'java/lang/ClassNotFoundException'{0x0000000084985ed8}: sync_studio_tooling11_19mharunjgqwcyjrv8jtwi6lx$_run_closure1BeanInfo> (0x0000000084985ed8) 
thrown [s\src\hotspot\share\classfile\systemDictionary.cpp, line 256]
Event: 7.019 Thread 0x000001c6c48d4b00 Exception <a 'java/lang/ClassNotFoundException'{0x000000008498cec0}: sync_studio_tooling11_19mharunjgqwcyjrv8jtwi6lx$_run_closure1Customizer> (0x000000008498cec0) 
thrown [s\src\hotspot\share\classfile\systemDictionary.cpp, line 256]
Event: 7.091 Thread 0x000001c6c48d4b00 Exception <a 'java/lang/NoSuchMethodError'{0x00000000846e9120}: 'java.lang.Object java.lang.invoke.DirectMethodHandle$Holder.newInvokeSpecial(java.lang.Object, int, java.lang.Object)'> (0x00000000846e9120) 
thrown [s\src\hotspot\share\interpreter\linkResolver.cpp, line 771]
Event: 7.164 Thread 0x000001c6c48d4b00 Exception <a 'java/lang/NoSuchMethodError'{0x000000008427e1c0}: 'void java.lang.invoke.DirectMethodHandle$Holder.invokeInterface(java.lang.Object, java.lang.Object)'> (0x000000008427e1c0) 
thrown [s\src\hotspot\share\interpreter\linkResolver.cpp, line 771]

VM Operations (20 events):
Event: 6.493 Executing VM operation: HandshakeAllThreads
Event: 6.493 Executing VM operation: HandshakeAllThreads done
Event: 6.549 Executing VM operation: G1CollectForAllocation
Event: 6.556 Executing VM operation: G1CollectForAllocation done
Event: 6.580 Executing VM operation: G1Concurrent
Event: 6.583 Executing VM operation: G1Concurrent done
Event: 6.593 Executing VM operation: G1Concurrent
Event: 6.593 Executing VM operation: G1Concurrent done
Event: 6.718 Executing VM operation: G1CollectForAllocation
Event: 6.722 Executing VM operation: G1CollectForAllocation done
Event: 6.722 Executing VM operation: G1TryInitiateConcMark
Event: 6.724 Executing VM operation: G1TryInitiateConcMark done
Event: 6.741 Executing VM operation: G1Concurrent
Event: 6.761 Executing VM operation: G1Concurrent done
Event: 6.772 Executing VM operation: G1Concurrent
Event: 6.772 Executing VM operation: G1Concurrent done
Event: 6.964 Executing VM operation: HandshakeAllThreads
Event: 6.964 Executing VM operation: HandshakeAllThreads done
Event: 6.994 Executing VM operation: G1CollectForAllocation
Event: 6.997 Executing VM operation: G1CollectForAllocation done

Events (20 events):
Event: 6.617 loading class java/util/WeakHashMap$KeyIterator
Event: 6.618 loading class java/util/WeakHashMap$HashIterator
Event: 6.618 loading class java/util/WeakHashMap$HashIterator done
Event: 6.618 loading class java/util/WeakHashMap$KeyIterator done
Event: 6.717 loading class jdk/internal/reflect/UnsafeObjectFieldAccessorImpl
Event: 6.718 loading class jdk/internal/reflect/UnsafeObjectFieldAccessorImpl done
Event: 6.770 loading class sun/reflect/MagicAccessorImpl
Event: 6.770 loading class sun/reflect/MagicAccessorImpl done
Event: 6.813 loading class com/sun/beans/finder/MethodFinder
Event: 6.814 loading class com/sun/beans/finder/AbstractFinder
Event: 6.814 loading class com/sun/beans/finder/AbstractFinder done
Event: 6.814 loading class com/sun/beans/finder/MethodFinder done
Event: 6.814 loading class com/sun/beans/finder/MethodFinder$1
Event: 6.814 loading class com/sun/beans/finder/MethodFinder$1 done
Event: 6.814 loading class com/sun/beans/finder/FinderUtils
Event: 6.814 loading class com/sun/beans/finder/FinderUtils done
Event: 6.942 loading class sun/reflect/generics/tree/BooleanSignature
Event: 6.943 loading class sun/reflect/generics/tree/BooleanSignature done
Event: 7.040 loading class java/lang/invoke/SerializedLambda
Event: 7.040 loading class java/lang/invoke/SerializedLambda done


Dynamic libraries:
0x00007ff7b4b10000 - 0x00007ff7b4b1a000 	C:\Program Files\Android\Android Studio\jbr\bin\java.exe
0x00007fff3ed30000 - 0x00007fff3ef46000 	C:\WINDOWS\SYSTEM32\ntdll.dll
0x00007fff3d870000 - 0x00007fff3d934000 	C:\WINDOWS\System32\KERNEL32.DLL
0x00007fff3c1b0000 - 0x00007fff3c556000 	C:\WINDOWS\System32\KERNELBASE.dll
0x00007fff3c560000 - 0x00007fff3c671000 	C:\WINDOWS\System32\ucrtbase.dll
0x00007fff2e730000 - 0x00007fff2e74b000 	C:\Program Files\Android\Android Studio\jbr\bin\VCRUNTIME140.dll
0x00007fff32db0000 - 0x00007fff32dc7000 	C:\Program Files\Android\Android Studio\jbr\bin\jli.dll
0x00007fff3eb30000 - 0x00007fff3ecdd000 	C:\WINDOWS\System32\USER32.dll
0x00007fff3c700000 - 0x00007fff3c726000 	C:\WINDOWS\System32\win32u.dll
0x00007fff3eb00000 - 0x00007fff3eb29000 	C:\WINDOWS\System32\GDI32.dll
0x00007fff3c7f0000 - 0x00007fff3c908000 	C:\WINDOWS\System32\gdi32full.dll
0x00007fff3c0a0000 - 0x00007fff3c13a000 	C:\WINDOWS\System32\msvcp_win.dll
0x00007fff3b340000 - 0x00007fff3b5d3000 	C:\WINDOWS\WinSxS\amd64_microsoft.windows.common-controls_6595b64144ccf1df_6.0.22621.3235_none_270f74e173860f98\COMCTL32.dll
0x00007fff3dda0000 - 0x00007fff3de47000 	C:\WINDOWS\System32\msvcrt.dll
0x00007fff3e030000 - 0x00007fff3e061000 	C:\WINDOWS\System32\IMM32.DLL
0x00007fff2f0c0000 - 0x00007fff2f0cc000 	C:\Program Files\Android\Android Studio\jbr\bin\vcruntime140_1.dll
0x00007fff197c0000 - 0x00007fff1984d000 	C:\Program Files\Android\Android Studio\jbr\bin\msvcp140.dll
0x00007fff0b690000 - 0x00007fff0c310000 	C:\Program Files\Android\Android Studio\jbr\bin\server\jvm.dll
0x00007fff3d650000 - 0x00007fff3d702000 	C:\WINDOWS\System32\ADVAPI32.dll
0x00007fff3e8d0000 - 0x00007fff3e978000 	C:\WINDOWS\System32\sechost.dll
0x00007fff3c070000 - 0x00007fff3c098000 	C:\WINDOWS\System32\bcrypt.dll
0x00007fff3d530000 - 0x00007fff3d645000 	C:\WINDOWS\System32\RPCRT4.dll
0x00007fff35340000 - 0x00007fff35374000 	C:\WINDOWS\SYSTEM32\WINMM.dll
0x00007fff34d80000 - 0x00007fff34d8a000 	C:\WINDOWS\SYSTEM32\VERSION.dll
0x00007fff36a00000 - 0x00007fff36a09000 	C:\WINDOWS\SYSTEM32\WSOCK32.dll
0x00007fff3ea80000 - 0x00007fff3eaf1000 	C:\WINDOWS\System32\ws2_32.DLL
0x00007fff3a760000 - 0x00007fff3a778000 	C:\WINDOWS\SYSTEM32\kernel.appcore.dll
0x00007fff369c0000 - 0x00007fff369ca000 	C:\Program Files\Android\Android Studio\jbr\bin\jimage.dll
0x00007fff3b8b0000 - 0x00007fff3bae3000 	C:\WINDOWS\SYSTEM32\DBGHELP.DLL
0x00007fff3cfe0000 - 0x00007fff3d368000 	C:\WINDOWS\System32\combase.dll
0x00007fff3dcc0000 - 0x00007fff3dd97000 	C:\WINDOWS\System32\OLEAUT32.dll
0x00007fff3b7e0000 - 0x00007fff3b812000 	C:\WINDOWS\SYSTEM32\dbgcore.DLL
0x00007fff3c680000 - 0x00007fff3c6fa000 	C:\WINDOWS\System32\bcryptPrimitives.dll
0x00007fff35650000 - 0x00007fff3565e000 	C:\Program Files\Android\Android Studio\jbr\bin\instrument.dll
0x00007fff36930000 - 0x00007fff36955000 	C:\Program Files\Android\Android Studio\jbr\bin\java.dll
0x00007fff36990000 - 0x00007fff369a8000 	C:\Program Files\Android\Android Studio\jbr\bin\zip.dll
0x00007fff3e070000 - 0x00007fff3e8cd000 	C:\WINDOWS\System32\SHELL32.dll
0x00007fff39700000 - 0x00007fff39ff8000 	C:\WINDOWS\SYSTEM32\windows.storage.dll
0x00007fff39430000 - 0x00007fff3956e000 	C:\WINDOWS\SYSTEM32\wintypes.dll
0x00007fff3deb0000 - 0x00007fff3dfa3000 	C:\WINDOWS\System32\SHCORE.dll
0x00007fff3cf00000 - 0x00007fff3cf5e000 	C:\WINDOWS\System32\shlwapi.dll
0x00007fff3bfa0000 - 0x00007fff3bfc6000 	C:\WINDOWS\SYSTEM32\profapi.dll
0x00007fff36140000 - 0x00007fff36159000 	C:\Program Files\Android\Android Studio\jbr\bin\net.dll
0x00007fff35200000 - 0x00007fff35337000 	C:\WINDOWS\SYSTEM32\WINHTTP.dll
0x00007fff3adf0000 - 0x00007fff3ae59000 	C:\WINDOWS\system32\mswsock.dll
0x00007fff360c0000 - 0x00007fff360d6000 	C:\Program Files\Android\Android Studio\jbr\bin\nio.dll
0x00007fff36920000 - 0x00007fff36930000 	C:\Program Files\Android\Android Studio\jbr\bin\verify.dll
0x00007fff2ae40000 - 0x00007fff2ae67000 	C:\Users\ASUS\.gradle\native\68d5fa5c4cc2d200863cafc0d521ce42e7d3e7ee720ec0a83991735586a16f82\windows-amd64\native-platform.dll
0x00007fff0c630000 - 0x00007fff0c774000 	C:\Users\ASUS\.gradle\native\e376f236ea51e6404a007f0833ffe2c6e607c4080706a723a18a27aeea778392\windows-amd64\native-platform-file-events.dll
0x00007fff360b0000 - 0x00007fff360b9000 	C:\Program Files\Android\Android Studio\jbr\bin\management.dll
0x00007fff35780000 - 0x00007fff3578b000 	C:\Program Files\Android\Android Studio\jbr\bin\management_ext.dll
0x00007fff3cf80000 - 0x00007fff3cf88000 	C:\WINDOWS\System32\PSAPI.DLL
0x00007fff3bc20000 - 0x00007fff3bc3b000 	C:\WINDOWS\SYSTEM32\CRYPTSP.dll
0x00007fff3a8d0000 - 0x00007fff3a905000 	C:\WINDOWS\system32\rsaenh.dll
0x00007fff3b090000 - 0x00007fff3b0bc000 	C:\WINDOWS\SYSTEM32\USERENV.dll
0x00007fff3b0c0000 - 0x00007fff3b0cc000 	C:\WINDOWS\SYSTEM32\CRYPTBASE.dll
0x00007fff3a260000 - 0x00007fff3a28d000 	C:\WINDOWS\SYSTEM32\IPHLPAPI.DLL
0x00007fff3cf60000 - 0x00007fff3cf69000 	C:\WINDOWS\System32\NSI.dll
0x00007fff35390000 - 0x00007fff353a9000 	C:\WINDOWS\SYSTEM32\dhcpcsvc6.DLL
0x00007fff350b0000 - 0x00007fff350cf000 	C:\WINDOWS\SYSTEM32\dhcpcsvc.DLL
0x00007fff3a2d0000 - 0x00007fff3a3c9000 	C:\WINDOWS\SYSTEM32\DNSAPI.dll
0x00007fff36130000 - 0x00007fff36138000 	C:\WINDOWS\system32\wshunix.dll

dbghelp: loaded successfully - version: 4.0.5 - missing functions: none
symbol engine: initialized successfully - sym options: 0x614 - pdb path: .;C:\Program Files\Android\Android Studio\jbr\bin;C:\WINDOWS\SYSTEM32;C:\WINDOWS\WinSxS\amd64_microsoft.windows.common-controls_6595b64144ccf1df_6.0.22621.3235_none_270f74e173860f98;C:\Program Files\Android\Android Studio\jbr\bin\server;C:\Users\ASUS\.gradle\native\68d5fa5c4cc2d200863cafc0d521ce42e7d3e7ee720ec0a83991735586a16f82\windows-amd64;C:\Users\ASUS\.gradle\native\e376f236ea51e6404a007f0833ffe2c6e607c4080706a723a18a27aeea778392\windows-amd64

VM Arguments:
jvm_args: --add-opens=java.base/java.util.concurrent.atomic=ALL-UNNAMED --add-opens=java.base/java.util=ALL-UNNAMED --add-opens=java.base/java.lang=ALL-UNNAMED --add-opens=java.base/java.lang.invoke=ALL-UNNAMED --add-opens=java.prefs/java.util.prefs=ALL-UNNAMED --add-opens=java.base/java.nio.charset=ALL-UNNAMED --add-opens=java.base/java.net=ALL-UNNAMED --add-opens=java.base/java.util.concurrent.atomic=ALL-UNNAMED -Xmx2048m -Dfile.encoding=UTF-8 -Duser.country=US -Duser.language=en -Duser.variant -javaagent:C:\Users\ASUS\.gradle\wrapper\dists\gradle-8.2-bin\bbg7u40eoinfdyxsxr3z4i7ta\gradle-8.2\lib\agents\gradle-instrumentation-agent-8.2.jar 
java_command: org.gradle.launcher.daemon.bootstrap.GradleDaemon 8.2
java_class_path (initial): C:\Users\ASUS\.gradle\wrapper\dists\gradle-8.2-bin\bbg7u40eoinfdyxsxr3z4i7ta\gradle-8.2\lib\gradle-launcher-8.2.jar
Launcher Type: SUN_STANDARD

[Global flags]
     intx CICompilerCount                          = 4                                         {product} {ergonomic}
     uint ConcGCThreads                            = 2                                         {product} {ergonomic}
     uint G1ConcRefinementThreads                  = 8                                         {product} {ergonomic}
   size_t G1HeapRegionSize                         = 1048576                                   {product} {ergonomic}
    uintx GCDrainStackTargetSize                   = 64                                        {product} {ergonomic}
   size_t InitialHeapSize                          = 100663296                                 {product} {ergonomic}
   size_t MarkStackSize                            = 4194304                                   {product} {ergonomic}
   size_t MaxHeapSize                              = 2147483648                                {product} {command line}
   size_t MaxNewSize                               = 1287651328                                {product} {ergonomic}
   size_t MinHeapDeltaBytes                        = 1048576                                   {product} {ergonomic}
   size_t MinHeapSize                              = 8388608                                   {product} {ergonomic}
    uintx NonNMethodCodeHeapSize                   = 5839372                                {pd product} {ergonomic}
    uintx NonProfiledCodeHeapSize                  = 122909434                              {pd product} {ergonomic}
    uintx ProfiledCodeHeapSize                     = 122909434                              {pd product} {ergonomic}
    uintx ReservedCodeCacheSize                    = 251658240                              {pd product} {ergonomic}
     bool SegmentedCodeCache                       = true                                      {product} {ergonomic}
   size_t SoftMaxHeapSize                          = 2147483648                             {manageable} {ergonomic}
     bool UseCompressedClassPointers               = true                           {product lp64_product} {ergonomic}
     bool UseCompressedOops                        = true                           {product lp64_product} {ergonomic}
     bool UseG1GC                                  = true                                      {product} {ergonomic}
     bool UseLargePagesIndividualAllocation        = false                                  {pd product} {ergonomic}

Logging:
Log output configuration:
 #0: stdout all=warning uptime,level,tags
 #1: stderr all=off uptime,level,tags

Environment Variables:
PATH=C:\Program Files (x86)\Common Files\Oracle\Java\javapath;"C:\WINDOWS\system32;";C:\WINDOWS;C:\WINDOWS\System32\Wbem;C:\WINDOWS\System32\WindowsPowerShell\v1.0\;C:\WINDOWS\System32\OpenSSH\;C:\MinGW\bin;C:\composer;C:\Program Files\Git\cmd;C:\WINDOWS\system32;C:\Program Files\nodejs\;C:\Program Files\dotnet\;C:\Program Files\Go\bin;C:\Program Files\Microsoft SQL Server\150\Tools\Binn\;C:\Users\ASUS\AppData\Local\Microsoft\WindowsApps;C:\xampp\php;C:\Users\ASUS\AppData\Local\ComposerSetup\bin;C:\Users\ASUS\AppData\Roaming\Composer\vendor\bin;C:\Users\ASUS\AppData\Local\Programs\Microsoft VS Code\bin;C:\Users\ASUS\AppData\Roaming\npm;C:\Users\ASUS\.dotnet\tools;C:\Users\ASUS\go\bin
USERNAME=ASUS
OS=Windows_NT
PROCESSOR_IDENTIFIER=AMD64 Family 23 Model 24 Stepping 1, AuthenticAMD
TMP=C:\Users\ASUS\AppData\Local\Temp
TEMP=C:\Users\ASUS\AppData\Local\Temp


JNI global refs:
JNI global refs: 26, weak refs: 2

JNI global refs memory usage: 843, weak refs: 841

OOME stack traces (most recent first):
Classloader memory used:
Loader org.gradle.internal.classloader.VisitableURLClassLoader                         : 2669K
Loader bootstrap                                                                       : 2312K
Loader org.gradle.initialization.MixInLegacyTypesClassLoader                           : 595K
Loader jdk.internal.loader.ClassLoaders$PlatformClassLoader                            : 65122B
Loader org.gradle.internal.classloader.VisitableURLClassLoader                         : 30725B
Loader jdk.internal.loader.ClassLoaders$AppClassLoader                                 : 28073B
Loader jdk.internal.reflect.DelegatingClassLoader                                      : 15280B
Loader org.gradle.groovy.scripts.internal.DefaultScriptCompilationHandler$ScriptClassLoader: 3944B
Loader org.codehaus.groovy.runtime.callsite.CallSiteClassLoader                        : 876B

Classes loaded by more than one classloader:
Class org.gradle.api.GradleException                                                  : loaded 3 times (x 80B)
Class org.gradle.util.GradleVersion                                                   : loaded 2 times (x 81B)
Class org.gradle.internal.classpath.ClassPath                                         : loaded 2 times (x 68B)
Class org.gradle.api.internal.classpath.DefaultModuleRegistry                         : loaded 2 times (x 84B)
Class org.gradle.api.Action                                                           : loaded 2 times (x 68B)
Class org.gradle.api.internal.DefaultClassPathProvider                                : loaded 2 times (x 74B)
Class org.gradle.internal.installation.GradleInstallation$1                           : loaded 2 times (x 73B)
Class org.gradle.internal.exceptions.DefaultMultiCauseException                       : loaded 2 times (x 85B)
Class org.gradle.internal.time.MonotonicClock                                         : loaded 2 times (x 75B)
Class org.gradle.internal.classloader.FilteringClassLoader                            : loaded 2 times (x 102B)
Class org.gradle.internal.classpath.DefaultClassPath$ImmutableUniqueList$Builder      : loaded 2 times (x 73B)
Class org.gradle.internal.classloader.ClassLoaderVisitor                              : loaded 2 times (x 74B)
Class org.gradle.internal.time.DefaultCountdownTimer                                  : loaded 2 times (x 86B)
Class org.gradle.internal.service.DefaultServiceLocator                               : loaded 2 times (x 81B)
Class org.gradle.internal.service.UnknownServiceException                             : loaded 2 times (x 81B)
Class org.gradle.internal.classloader.DefaultClassLoaderFactory                       : loaded 2 times (x 80B)
Class org.gradle.internal.classloader.VisitableURLClassLoader$Spec                    : loaded 2 times (x 72B)
Class org.gradle.tooling.model.ProjectModel                                           : loaded 2 times (x 68B)
Class org.gradle.internal.installation.GradleInstallation                             : loaded 2 times (x 73B)
Class org.gradle.api.internal.classpath.ModuleRegistry                                : loaded 2 times (x 68B)
Class org.gradle.api.internal.ClassPathProvider                                       : loaded 2 times (x 68B)
Class org.gradle.internal.classloader.ClasspathUtil$1                                 : loaded 2 times (x 74B)
Class org.gradle.internal.classloader.ClassLoaderFactory                              : loaded 2 times (x 68B)
Class org.gradle.api.internal.classpath.ManifestUtil                                  : loaded 2 times (x 69B)
Class org.gradle.api.specs.Spec                                                       : loaded 2 times (x 68B)
Class org.gradle.internal.IoActions                                                   : loaded 2 times (x 69B)
Class org.gradle.api.internal.classpath.EffectiveClassPath                            : loaded 2 times (x 88B)
Class org.gradle.internal.installation.CurrentGradleInstallation                      : loaded 2 times (x 71B)
Class org.gradle.internal.agents.InstrumentingClassLoader                             : loaded 2 times (x 68B)
Class org.gradle.internal.installation.CurrentGradleInstallationLocator               : loaded 2 times (x 69B)
Class org.gradle.api.internal.classpath.Module                                        : loaded 2 times (x 68B)
Class org.gradle.internal.service.CachingServiceLocator                               : loaded 2 times (x 80B)
Class org.gradle.internal.time.Timer                                                  : loaded 2 times (x 68B)
Class org.gradle.internal.classpath.DefaultClassPath                                  : loaded 2 times (x 88B)
Class org.gradle.internal.time.Time                                                   : loaded 2 times (x 69B)
Class org.gradle.internal.time.TimeSource$1                                           : loaded 2 times (x 75B)
Class org.gradle.internal.classloader.SystemClassLoaderSpec                           : loaded 2 times (x 69B)
Class org.gradle.api.UncheckedIOException                                             : loaded 2 times (x 80B)
Class org.gradle.internal.time.CountdownTimer                                         : loaded 2 times (x 68B)
Class org.gradle.internal.time.Clock                                                  : loaded 2 times (x 68B)
Class org.gradle.internal.classloader.ClasspathUtil                                   : loaded 2 times (x 69B)
Class org.gradle.api.internal.DefaultClassPathRegistry                                : loaded 2 times (x 74B)
Class org.gradle.api.internal.classpath.DefaultModuleRegistry$DefaultModule           : loaded 2 times (x 84B)
Class org.gradle.internal.time.TimeSource                                             : loaded 2 times (x 68B)
Class org.gradle.api.internal.classpath.UnknownModuleException                        : loaded 2 times (x 80B)
Class org.gradle.internal.service.ServiceLookupException                              : loaded 2 times (x 80B)
Class org.gradle.cache.GlobalCache                                                    : loaded 2 times (x 68B)
Class [Lorg.gradle.api.internal.ClassPathProvider;                                    : loaded 2 times (x 67B)
Class org.gradle.internal.operations.MultipleBuildOperationFailures                   : loaded 2 times (x 85B)
Class org.gradle.util.internal.GUtil                                                  : loaded 2 times (x 69B)
Class org.gradle.internal.classloader.ClassLoaderSpec                                 : loaded 2 times (x 69B)
Class org.gradle.internal.classloader.VisitableURLClassLoader                         : loaded 2 times (x 114B)
Class org.gradle.internal.Cast                                                        : loaded 2 times (x 69B)
Class org.gradle.api.internal.ClassPathRegistry                                       : loaded 2 times (x 68B)
Class org.gradle.internal.classloader.VisitableURLClassLoader$InstrumentingVisitableURLClassLoader: loaded 2 times (x 120B)
Class org.gradle.internal.classloader.ClassLoaderHierarchy                            : loaded 2 times (x 68B)
Class org.gradle.internal.exceptions.MultiCauseException                              : loaded 2 times (x 68B)
Class org.gradle.internal.InternalTransformer                                         : loaded 2 times (x 68B)
Class org.gradle.internal.service.ServiceLocator                                      : loaded 2 times (x 68B)
Class org.gradle.internal.classpath.DefaultClassPath$ImmutableUniqueList              : loaded 2 times (x 159B)
Class org.gradle.internal.time.DefaultTimer                                           : loaded 2 times (x 78B)
Class org.gradle.internal.classpath.TransformedClassPath                              : loaded 2 times (x 94B)


---------------  S Y S T E M  ---------------

OS:
 Windows 11 , 64 bit Build 22621 (10.0.22621.3235)
OS uptime: 0 days 7:51 hours
Hyper-V role detected

CPU: total 8 (initial active 8) (8 cores per cpu, 2 threads per core) family 23 model 24 stepping 1 microcode 0x0, cx8, cmov, fxsr, ht, mmx, 3dnowpref, sse, sse2, sse3, ssse3, sse4a, sse4.1, sse4.2, popcnt, lzcnt, tsc, tscinvbit, avx, avx2, aes, clmul, bmi1, bmi2, adx, sha, fma, vzeroupper, clflush, clflushopt, hv

Memory: 4k page, system-wide physical 6091M (59M free)
TotalPageFile size 11211M (AvailPageFile size 7M)
current process WorkingSet (physical memory assigned to process): 211M, peak: 211M
current process commit charge ("private bytes"): 246M, peak: 249M

vm_info: OpenJDK 64-Bit Server VM (17.0.7+0-b2043.56-10550314) for windows-amd64 JRE (17.0.7+0-b2043.56-10550314), built on Jul 24 2023 18:27:45 by "androidbuild" with MS VC++ 16.10 / 16.11 (VS2019)

END.
